生成启动时间为 12/28/2015 12:00:08 PM。
     1>项目“F:\解释器备份\CMMInpterpreter\VirtualMachine\VirtualMachine.vcxproj”在节点 2 上(Rebuild 个目标)。
     1>C:\Program Files (x86)\MSBuild\Microsoft.Cpp\v4.0\V110\Microsoft.CppBuild.targets(346,5): warning MSB8004: Output Directory does not end with a trailing slash.  This build instance will add the slash as it is required to allow proper evaluation of the Output Directory.
     1>ClCompile:
         C:\Software\Microsoft Visual Studio 11.0\VC\bin\CL.exe /c /ZI /nologo /W3 /WX- /Od /Oy- /D WIN32 /D _DEBUG /D _WINDOWS /D _USRDLL /D VIRTUALMACHINE_EXPORTS /D _WINDLL /D _UNICODE /D UNICODE /Gm /EHsc /RTC1 /MDd /GS /fp:precise /Zc:wchar_t /Zc:forScope /Fo"Debug\\" /Fd"Debug\vc110.pdb" /Gd /TP /analyze- /errorReport:prompt main.cpp
         main.cpp
     1>f:\解释器备份\cmminpterpreter\virtualmachine\vcode.h(71): warning C4996: 'strcpy': This function or variable may be unsafe. Consider using strcpy_s instead. To disable deprecation, use _CRT_SECURE_NO_WARNINGS. See online help for details.
                 c:\software\microsoft visual studio 11.0\vc\include\string.h(110) : 参见“strcpy”的声明
     1>f:\解释器备份\cmminpterpreter\virtualmachine\vcode.h(72): warning C4996: 'strtok': This function or variable may be unsafe. Consider using strtok_s instead. To disable deprecation, use _CRT_SECURE_NO_WARNINGS. See online help for details.
                 c:\software\microsoft visual studio 11.0\vc\include\string.h(200) : 参见“strtok”的声明
     1>f:\解释器备份\cmminpterpreter\virtualmachine\vcode.h(74): warning C4996: 'strtok': This function or variable may be unsafe. Consider using strtok_s instead. To disable deprecation, use _CRT_SECURE_NO_WARNINGS. See online help for details.
                 c:\software\microsoft visual studio 11.0\vc\include\string.h(200) : 参见“strtok”的声明
     1>f:\解释器备份\cmminpterpreter\virtualmachine\vcode.h(76): warning C4996: 'strtok': This function or variable may be unsafe. Consider using strtok_s instead. To disable deprecation, use _CRT_SECURE_NO_WARNINGS. See online help for details.
                 c:\software\microsoft visual studio 11.0\vc\include\string.h(200) : 参见“strtok”的声明
     1>f:\解释器备份\cmminpterpreter\virtualmachine\vcode.h(78): warning C4996: 'strtok': This function or variable may be unsafe. Consider using strtok_s instead. To disable deprecation, use _CRT_SECURE_NO_WARNINGS. See online help for details.
                 c:\software\microsoft visual studio 11.0\vc\include\string.h(200) : 参见“strtok”的声明
     1>f:\解释器备份\cmminpterpreter\virtualmachine\main.cpp(194): warning C4996: 'fcvt': The POSIX name for this item is deprecated. Instead, use the ISO C++ conformant name: _fcvt. See online help for details.
                 c:\software\microsoft visual studio 11.0\vc\include\stdlib.h(907) : 参见“fcvt”的声明
       Link:
         C:\Software\Microsoft Visual Studio 11.0\VC\bin\link.exe /ERRORREPORT:PROMPT /OUT:"..\CMMInterpreter\bin\Debug\VirtualMachine.dll" /INCREMENTAL /NOLOGO kernel32.lib user32.lib gdi32.lib winspool.lib comdlg32.lib advapi32.lib shell32.lib ole32.lib oleaut32.lib uuid.lib odbc32.lib odbccp32.lib /MANIFEST /MANIFESTUAC:"level='asInvoker' uiAccess='false'" /manifest:embed /DEBUG /PDB:"..\CMMInterpreter\bin\Debug\VirtualMachine.pdb" /SUBSYSTEM:WINDOWS /TLBID:1 /DYNAMICBASE /NXCOMPAT /IMPLIB:"..\CMMInterpreter\bin\Debug\VirtualMachine.lib" /MACHINE:X86 /DLL Debug\main.obj
            正在创建库 ..\CMMInterpreter\bin\Debug\VirtualMachine.lib 和对象 ..\CMMInterpreter\bin\Debug\VirtualMachine.exp
         VirtualMachine.vcxproj -> F:\解释器备份\CMMInpterpreter\VirtualMachine\..\CMMInterpreter\bin\Debug\VirtualMachine.dll
     1>已完成生成项目“F:\解释器备份\CMMInpterpreter\VirtualMachine\VirtualMachine.vcxproj”(Rebuild 个目标)的操作。

生成成功。

已用时间 00:00:03.23
