F:\解释器备份\CMMINPTERPRETER\VIRTUALMACHINE\DEBUG\MAIN.OBJ
F:\解释器备份\CMMINPTERPRETER\VIRTUALMACHINE\DEBUG\VC110.PDB
F:\解释器备份\CMMINPTERPRETER\CMMINTERPRETER\BIN\DEBUG\VIRTUALMACHINE.ILK
F:\解释器备份\CMMINPTERPRETER\CMMINTERPRETER\BIN\DEBUG\VIRTUALMACHINE.DLL
F:\解释器备份\CMMINPTERPRETER\CMMINTERPRETER\BIN\DEBUG\VIRTUALMACHINE.PDB
F:\解释器备份\CMMInpterpreter\CMMInterpreter\bin\Debug\VirtualMachine.lib
F:\解释器备份\CMMInpterpreter\CMMInterpreter\bin\Debug\VirtualMachine.exp
F:\解释器备份\CMMInpterpreter\VirtualMachine\Debug\main.obj
F:\解释器备份\CMMInpterpreter\VirtualMachine\Debug\cl.command.1.tlog
F:\解释器备份\CMMInpterpreter\VirtualMachine\Debug\CL.read.1.tlog
F:\解释器备份\CMMInpterpreter\VirtualMachine\Debug\CL.write.1.tlog
F:\解释器备份\CMMInpterpreter\VirtualMachine\Debug\link-cvtres.read.1.tlog
F:\解释器备份\CMMInpterpreter\VirtualMachine\Debug\link-cvtres.write.1.tlog
F:\解释器备份\CMMInpterpreter\VirtualMachine\Debug\link-rc.read.1.tlog
F:\解释器备份\CMMInpterpreter\VirtualMachine\Debug\link-rc.write.1.tlog
F:\解释器备份\CMMInpterpreter\VirtualMachine\Debug\link.command.1.tlog
F:\解释器备份\CMMInpterpreter\VirtualMachine\Debug\link.read.1.tlog
F:\解释器备份\CMMInpterpreter\VirtualMachine\Debug\link.write.1.tlog
F:\解释器备份\CMMInpterpreter\VirtualMachine\Debug\VirtualMachine.write.1.tlog
F:\解释器备份\CMMInpterpreter\VirtualMachine\Debug\vc110.idb
F:\解释器备份\CMMInpterpreter\VirtualMachine\Debug\vc110.pdb
F:\解释器备份\CMMInpterpreter\VirtualMachine\..\CMMInterpreter\bin\Debug\VirtualMachine.dll
